#3 5
sum C: 11458944.0 sum a: 66.93428175 sum b: 115.62950225
#float64 float64 float64
#time elapsed: 460.77280616760254
#exact val: 321.83947656441
#20562 12428
#sum C: 11458944.0 sum a: 68.36784349999999 sum b: 69.031928
#float64 float64 float64
#time elapsed: 487.2219512462616
#exact val: 167.64555073518932
#2564 12380
#sum C: 11458944.0 sum a: 55.41083125 sum b: 79.83269625
#float64 float64 float64
#time elapsed: 550.395977973938
#exact val: 207.3502556064093
#48485 7605
#sum C: 11458944.0 sum a: 156.02792975 sum b: 74.31317100000001
#float64 float64 float64
#time elapsed: 524.784610748291
#exact val: 423.35617236431176
#26428 42698
#sum C: 11458944.0 sum a: 56.62177174999999 sum b: 49.86397025
#float64 float64 float64
#time elapsed: 456.55393266677856
#exact val: 117.52384257739209
#6152 25061
#sum C: 11458944.0 sum a: 147.52010325 sum b: 64.3053795
#float64 float64 float64
#time elapsed: 539.6158065795898
#exact val: 459.297428039594
#13168 7506
#sum C: 11458944.0 sum a: 95.094414 sum b: 105.36390925
#float64 float64 float64
#time elapsed: 546.8977901935577
#exact val: 138.082535273433
#40816 39370
#sum C: 11458944.0 sum a: 93.641251 sum b: 67.95769725
#float64 float64 float64
#time elapsed: 509.2965066432953
#exact val: 256.3855206718765
#846 16727
#sum C: 11458944.0 sum a: 112.719378 sum b: 81.30143325
#float64 float64 float64
#time elapsed: 548.7409589290619
#exact val: 221.13453306061183
#31169 7144
#sum C: 11458944.0 sum a: 76.3053745 sum b: 108.66078325000001
#float64 float64 float64
#time elapsed: 527.7265672683716
#exact val: 348.8398254732447

